<?xml version="1.0" encoding="UTF-8"?>
<!-- Generated by org.testng.reporters.JUnitReportReporter -->
<testsuite skipped="0" hostname="comp10" name="com.example.info.NewTest" tests="1" failures="0" timestamp="14 Jun 2019 16:32:51 GMT" time="0.013" errors="0">
  <testcase name="p" time="0.013" classname="com.example.info.NewTest"/>
</testsuite> <!-- com.example.info.NewTest -->
