<?xml version="1.0" encoding="UTF-8"?>
<!-- Generated by org.testng.reporters.JUnitReportReporter -->
<testsuite skipped="0" hostname="comp10" name="com.example8.ApplicationTests" tests="1" failures="0" timestamp="15 Jun 2019 02:48:16 GMT" time="0.015" errors="0">
  <testcase name="contextLoads" time="0.015" classname="com.example8.ApplicationTests"/>
</testsuite> <!-- com.example8.ApplicationTests -->
